INFO:root:Starting to read file blackscholes_four
INFO:root:Finished reading file blackscholes_four
INFO:root:Starting the computer
DEBUG:root:Time: 2022-11-15 05:58:36.407664Current Cycle: 0 and 5006253 instructions left on core 0
DEBUG:root:Time: 2022-11-15 05:59:06.162869Current Cycle: 6590706 and 4873241 instructions left on core 0
DEBUG:root:Time: 2022-11-15 05:59:36.399191Current Cycle: 12925880 and 4742347 instructions left on core 0
DEBUG:root:Time: 2022-11-15 06:00:06.998847Current Cycle: 19253493 and 4611607 instructions left on core 0
DEBUG:root:Time: 2022-11-15 06:00:37.489896Current Cycle: 25575304 and 4480983 instructions left on core 0
DEBUG:root:Time: 2022-11-15 06:01:08.358049Current Cycle: 31905404 and 4350169 instructions left on core 0
DEBUG:root:Time: 2022-11-15 06:01:39.725451Current Cycle: 38235743 and 4219797 instructions left on core 0
DEBUG:root:Time: 2022-11-15 06:02:10.716191Current Cycle: 44570826 and 4089121 instructions left on core 0
DEBUG:root:Time: 2022-11-15 06:02:41.634344Current Cycle: 50902872 and 3958365 instructions left on core 0
DEBUG:root:Time: 2022-11-15 06:03:12.595880Current Cycle: 57218079 and 3828559 instructions left on core 0
DEBUG:root:Time: 2022-11-15 06:03:44.414892Current Cycle: 63515722 and 3698017 instructions left on core 0
DEBUG:root:Time: 2022-11-15 06:04:15.471985Current Cycle: 69842746 and 3567318 instructions left on core 0
DEBUG:root:Time: 2022-11-15 06:04:45.542680Current Cycle: 76169537 and 3436555 instructions left on core 0
DEBUG:root:Time: 2022-11-15 06:05:17.076093Current Cycle: 82488570 and 3305983 instructions left on core 0
DEBUG:root:Time: 2022-11-15 06:05:49.159893Current Cycle: 88777415 and 3176239 instructions left on core 0
DEBUG:root:Time: 2022-11-15 06:06:20.849223Current Cycle: 95088330 and 3045822 instructions left on core 0
DEBUG:root:Time: 2022-11-15 06:06:51.694476Current Cycle: 101405098 and 2915533 instructions left on core 0
DEBUG:root:Time: 2022-11-15 06:07:23.500329Current Cycle: 107735937 and 2784841 instructions left on core 0
DEBUG:root:Time: 2022-11-15 06:07:54.846927Current Cycle: 114055141 and 2654565 instructions left on core 0
DEBUG:root:Time: 2022-11-15 06:08:25.236897Current Cycle: 120360194 and 2524423 instructions left on core 0
DEBUG:root:Time: 2022-11-15 06:08:55.842551Current Cycle: 126667295 and 2394015 instructions left on core 0
DEBUG:root:Time: 2022-11-15 06:09:26.474298Current Cycle: 132967975 and 2263815 instructions left on core 0
DEBUG:root:Time: 2022-11-15 06:09:57.319437Current Cycle: 139278245 and 2133463 instructions left on core 0
DEBUG:root:Time: 2022-11-15 06:10:27.880423Current Cycle: 145578653 and 2003365 instructions left on core 0
DEBUG:root:Time: 2022-11-15 06:10:58.437565Current Cycle: 151891386 and 1872901 instructions left on core 0
DEBUG:root:Time: 2022-11-15 06:11:29.150700Current Cycle: 158188889 and 1742687 instructions left on core 0
DEBUG:root:Time: 2022-11-15 06:11:59.821420Current Cycle: 164497534 and 1612621 instructions left on core 0
DEBUG:root:Time: 2022-11-15 06:12:31.523676Current Cycle: 170809822 and 1482353 instructions left on core 0
DEBUG:root:Time: 2022-11-15 06:13:02.654178Current Cycle: 177127615 and 1352400 instructions left on core 0
DEBUG:root:Time: 2022-11-15 06:13:33.661051Current Cycle: 183451191 and 1221981 instructions left on core 0
DEBUG:root:Time: 2022-11-15 06:14:04.934329Current Cycle: 189758297 and 1091661 instructions left on core 0
DEBUG:root:Time: 2022-11-15 06:14:35.878547Current Cycle: 196070891 and 960887 instructions left on core 0
DEBUG:root:Time: 2022-11-15 06:15:06.409756Current Cycle: 202399575 and 830201 instructions left on core 0
DEBUG:root:Time: 2022-11-15 06:15:36.885644Current Cycle: 208736291 and 699290 instructions left on core 0
DEBUG:root:Time: 2022-11-15 06:16:07.367004Current Cycle: 215057165 and 568661 instructions left on core 0
DEBUG:root:Time: 2022-11-15 06:16:38.069205Current Cycle: 221388011 and 438003 instructions left on core 0
DEBUG:root:Time: 2022-11-15 06:17:08.461233Current Cycle: 227706035 and 307429 instructions left on core 0
DEBUG:root:Time: 2022-11-15 06:17:38.328012Current Cycle: 234017072 and 177159 instructions left on core 0
DEBUG:root:Time: 2022-11-15 06:18:08.530081Current Cycle: 240347924 and 46553 instructions left on core 0
INFO:root:Overall Execution Cycle: 244573919
INFO:root:Core 0 cycle: 244496258
INFO:root:Core 1 cycle: 244436318
INFO:root:Core 2 cycle: 244366332
INFO:root:Core 3 cycle: 244573918
INFO:root:Core 0 compute cycles: 10394904
INFO:root:Core 1 compute cycles: 10430314
INFO:root:Core 2 compute cycles: 10383276
INFO:root:Core 3 compute cycles: 10430338
INFO:root:Core 0 load/store count: 2503127
INFO:root:Core 1 load/store count: 2497349
INFO:root:Core 2 load/store count: 2490468
INFO:root:Core 3 load/store count: 2509057
INFO:root:Core 0 idle cycle count: 19382505
INFO:root:Core 1 idle cycle count: 19287355
INFO:root:Core 2 idle cycle count: 19231736
INFO:root:Core 3 idle cycle count: 19095243
DEBUG:root:0 hit is 1277197
INFO:root:Core 0 cache miss rate: 0.48976699943710406
INFO:root:Core 0 cache hit rate: 0.5102330005628959
DEBUG:root:1 hit is 1275354
INFO:root:Core 1 cache miss rate: 0.48932047543214824
INFO:root:Core 1 cache hit rate: 0.5106795245678517
DEBUG:root:2 hit is 1271185
INFO:root:Core 2 cache miss rate: 0.48958308237648507
INFO:root:Core 2 cache hit rate: 0.5104169176235149
DEBUG:root:3 hit is 1273275
INFO:root:Core 3 cache miss rate: 0.4925599537993756
INFO:root:Core 3 cache hit rate: 0.5074400462006243
INFO:root:Data traffic on bus: 7757432 bytes
INFO:root:Invalidations or updates on bus: 1729475
INFO:root:Core 0 shared access: 106793
INFO:root:Core 0 private access: 1170404
INFO:root:Core 0 access distribution (shared / private): 0.08361513533151112
INFO:root:Core 1 shared access: 107224
INFO:root:Core 1 private access: 1168130
INFO:root:Core 1 access distribution (shared / private): 0.08407391202756255
INFO:root:Core 2 shared access: 107591
INFO:root:Core 2 private access: 1163594
INFO:root:Core 2 access distribution (shared / private): 0.08463834925679582
INFO:root:Core 3 shared access: 106253
INFO:root:Core 3 private access: 1167022
INFO:root:Core 3 access distribution (shared / private): 0.08344858730439221
INFO:root:Logging complete!
INFO:root:Closing the computer
