INFO:root:Starting to read file blackscholes_four
INFO:root:Finished reading file blackscholes_four
INFO:root:Starting the computer
DEBUG:root:Current Cycle: 0
DEBUG:root:Current Cycle: 500000
DEBUG:root:Current Cycle: 1000000
DEBUG:root:Current Cycle: 1500000
DEBUG:root:Current Cycle: 2000000
DEBUG:root:Current Cycle: 2500000
DEBUG:root:Current Cycle: 3000000
DEBUG:root:Current Cycle: 3500000
DEBUG:root:Current Cycle: 4000000
DEBUG:root:Current Cycle: 4500000
DEBUG:root:Current Cycle: 5000000
DEBUG:root:Current Cycle: 5500000
DEBUG:root:Current Cycle: 6000000
DEBUG:root:Current Cycle: 6500000
DEBUG:root:Current Cycle: 7000000
DEBUG:root:Current Cycle: 7500000
DEBUG:root:Current Cycle: 8000000
DEBUG:root:Current Cycle: 8500000
DEBUG:root:Current Cycle: 9000000
DEBUG:root:Current Cycle: 9500000
DEBUG:root:Current Cycle: 10000000
DEBUG:root:Current Cycle: 10500000
DEBUG:root:Current Cycle: 11000000
DEBUG:root:Current Cycle: 11500000
DEBUG:root:Current Cycle: 12000000
DEBUG:root:Current Cycle: 12500000
DEBUG:root:Current Cycle: 13000000
DEBUG:root:Current Cycle: 13500000
DEBUG:root:Current Cycle: 14000000
DEBUG:root:Current Cycle: 14500000
DEBUG:root:Current Cycle: 15000000
DEBUG:root:Current Cycle: 15500000
DEBUG:root:Current Cycle: 16000000
DEBUG:root:Current Cycle: 16500000
DEBUG:root:Current Cycle: 17000000
DEBUG:root:Current Cycle: 17500000
DEBUG:root:Current Cycle: 18000000
DEBUG:root:Current Cycle: 18500000
DEBUG:root:Current Cycle: 19000000
DEBUG:root:Current Cycle: 19500000
DEBUG:root:Current Cycle: 20000000
DEBUG:root:Current Cycle: 20500000
DEBUG:root:Current Cycle: 21000000
DEBUG:root:Current Cycle: 21500000
DEBUG:root:Current Cycle: 22000000
DEBUG:root:Current Cycle: 22500000
DEBUG:root:Current Cycle: 23000000
DEBUG:root:Current Cycle: 23500000
DEBUG:root:Current Cycle: 24000000
DEBUG:root:Current Cycle: 24500000
DEBUG:root:Current Cycle: 25000000
DEBUG:root:Current Cycle: 25500000
DEBUG:root:Current Cycle: 26000000
DEBUG:root:Current Cycle: 26500000
DEBUG:root:Current Cycle: 27000000
DEBUG:root:Current Cycle: 27500000
DEBUG:root:Current Cycle: 28000000
DEBUG:root:Current Cycle: 28500000
DEBUG:root:Current Cycle: 29000000
DEBUG:root:Current Cycle: 29500000
DEBUG:root:Current Cycle: 30000000
DEBUG:root:Current Cycle: 30500000
DEBUG:root:Current Cycle: 31000000
DEBUG:root:Current Cycle: 31500000
DEBUG:root:Current Cycle: 32000000
DEBUG:root:Current Cycle: 32500000
DEBUG:root:Current Cycle: 33000000
DEBUG:root:Current Cycle: 33500000
DEBUG:root:Current Cycle: 34000000
DEBUG:root:Current Cycle: 34500000
DEBUG:root:Current Cycle: 35000000
DEBUG:root:Current Cycle: 35500000
DEBUG:root:Current Cycle: 36000000
DEBUG:root:Current Cycle: 36500000
DEBUG:root:Current Cycle: 37000000
DEBUG:root:Current Cycle: 37500000
DEBUG:root:Current Cycle: 38000000
DEBUG:root:Current Cycle: 38500000
DEBUG:root:Current Cycle: 39000000
DEBUG:root:Current Cycle: 39500000
DEBUG:root:Current Cycle: 40000000
DEBUG:root:Current Cycle: 40500000
DEBUG:root:Current Cycle: 41000000
DEBUG:root:Current Cycle: 41500000
DEBUG:root:Current Cycle: 42000000
DEBUG:root:Current Cycle: 42500000
DEBUG:root:Current Cycle: 43000000
DEBUG:root:Current Cycle: 43500000
DEBUG:root:Current Cycle: 44000000
DEBUG:root:Current Cycle: 44500000
DEBUG:root:Current Cycle: 45000000
DEBUG:root:Current Cycle: 45500000
DEBUG:root:Current Cycle: 46000000
DEBUG:root:Current Cycle: 46500000
DEBUG:root:Current Cycle: 47000000
DEBUG:root:Current Cycle: 47500000
DEBUG:root:Current Cycle: 48000000
DEBUG:root:Current Cycle: 48500000
DEBUG:root:Current Cycle: 49000000
DEBUG:root:Current Cycle: 49500000
DEBUG:root:Current Cycle: 50000000
DEBUG:root:Current Cycle: 50500000
DEBUG:root:Current Cycle: 51000000
DEBUG:root:Current Cycle: 51500000
DEBUG:root:Current Cycle: 52000000
DEBUG:root:Current Cycle: 52500000
DEBUG:root:Current Cycle: 53000000
DEBUG:root:Current Cycle: 53500000
DEBUG:root:Current Cycle: 54000000
DEBUG:root:Current Cycle: 54500000
DEBUG:root:Current Cycle: 55000000
DEBUG:root:Current Cycle: 55500000
DEBUG:root:Current Cycle: 56000000
DEBUG:root:Current Cycle: 56500000
DEBUG:root:Current Cycle: 57000000
DEBUG:root:Current Cycle: 57500000
DEBUG:root:Current Cycle: 58000000
DEBUG:root:Current Cycle: 58500000
DEBUG:root:Current Cycle: 59000000
DEBUG:root:Current Cycle: 59500000
DEBUG:root:Current Cycle: 60000000
DEBUG:root:Current Cycle: 60500000
DEBUG:root:Current Cycle: 61000000
DEBUG:root:Current Cycle: 61500000
DEBUG:root:Current Cycle: 62000000
DEBUG:root:Current Cycle: 62500000
DEBUG:root:Current Cycle: 63000000
DEBUG:root:Current Cycle: 63500000
DEBUG:root:Current Cycle: 64000000
DEBUG:root:Current Cycle: 64500000
DEBUG:root:Current Cycle: 65000000
DEBUG:root:Current Cycle: 65500000
DEBUG:root:Current Cycle: 66000000
DEBUG:root:Current Cycle: 66500000
DEBUG:root:Current Cycle: 67000000
DEBUG:root:Current Cycle: 67500000
DEBUG:root:Current Cycle: 68000000
DEBUG:root:Current Cycle: 68500000
DEBUG:root:Current Cycle: 69000000
DEBUG:root:Current Cycle: 69500000
DEBUG:root:Current Cycle: 70000000
DEBUG:root:Current Cycle: 70500000
DEBUG:root:Current Cycle: 71000000
DEBUG:root:Current Cycle: 71500000
DEBUG:root:Current Cycle: 72000000
DEBUG:root:Current Cycle: 72500000
DEBUG:root:Current Cycle: 73000000
DEBUG:root:Current Cycle: 73500000
DEBUG:root:Current Cycle: 74000000
DEBUG:root:Current Cycle: 74500000
DEBUG:root:Current Cycle: 75000000
DEBUG:root:Current Cycle: 75500000
DEBUG:root:Current Cycle: 76000000
DEBUG:root:Current Cycle: 76500000
DEBUG:root:Current Cycle: 77000000
DEBUG:root:Current Cycle: 77500000
DEBUG:root:Current Cycle: 78000000
DEBUG:root:Current Cycle: 78500000
DEBUG:root:Current Cycle: 79000000
DEBUG:root:Current Cycle: 79500000
DEBUG:root:Current Cycle: 80000000
DEBUG:root:Current Cycle: 80500000
DEBUG:root:Current Cycle: 81000000
DEBUG:root:Current Cycle: 81500000
DEBUG:root:Current Cycle: 82000000
DEBUG:root:Current Cycle: 82500000
DEBUG:root:Current Cycle: 83000000
DEBUG:root:Current Cycle: 83500000
DEBUG:root:Current Cycle: 84000000
DEBUG:root:Current Cycle: 84500000
DEBUG:root:Current Cycle: 85000000
DEBUG:root:Current Cycle: 85500000
DEBUG:root:Current Cycle: 86000000
DEBUG:root:Current Cycle: 86500000
DEBUG:root:Current Cycle: 87000000
DEBUG:root:Current Cycle: 87500000
DEBUG:root:Current Cycle: 88000000
DEBUG:root:Current Cycle: 88500000
DEBUG:root:Current Cycle: 89000000
DEBUG:root:Current Cycle: 89500000
DEBUG:root:Current Cycle: 90000000
DEBUG:root:Current Cycle: 90500000
DEBUG:root:Current Cycle: 91000000
DEBUG:root:Current Cycle: 91500000
DEBUG:root:Current Cycle: 92000000
DEBUG:root:Current Cycle: 92500000
DEBUG:root:Current Cycle: 93000000
DEBUG:root:Current Cycle: 93500000
DEBUG:root:Current Cycle: 94000000
DEBUG:root:Current Cycle: 94500000
DEBUG:root:Current Cycle: 95000000
DEBUG:root:Current Cycle: 95500000
DEBUG:root:Current Cycle: 96000000
DEBUG:root:Current Cycle: 96500000
DEBUG:root:Current Cycle: 97000000
DEBUG:root:Current Cycle: 97500000
DEBUG:root:Current Cycle: 98000000
DEBUG:root:Current Cycle: 98500000
DEBUG:root:Current Cycle: 99000000
DEBUG:root:Current Cycle: 99500000
DEBUG:root:Current Cycle: 100000000
DEBUG:root:Current Cycle: 100500000
DEBUG:root:Current Cycle: 101000000
DEBUG:root:Current Cycle: 101500000
DEBUG:root:Current Cycle: 102000000
DEBUG:root:Current Cycle: 102500000
DEBUG:root:Current Cycle: 103000000
DEBUG:root:Current Cycle: 103500000
DEBUG:root:Current Cycle: 104000000
DEBUG:root:Current Cycle: 104500000
DEBUG:root:Current Cycle: 105000000
DEBUG:root:Current Cycle: 105500000
DEBUG:root:Current Cycle: 106000000
DEBUG:root:Current Cycle: 106500000
DEBUG:root:Current Cycle: 107000000
DEBUG:root:Current Cycle: 107500000
DEBUG:root:Current Cycle: 108000000
DEBUG:root:Current Cycle: 108500000
DEBUG:root:Current Cycle: 109000000
DEBUG:root:Current Cycle: 109500000
DEBUG:root:Current Cycle: 110000000
DEBUG:root:Current Cycle: 110500000
DEBUG:root:Current Cycle: 111000000
DEBUG:root:Current Cycle: 111500000
DEBUG:root:Current Cycle: 112000000
DEBUG:root:Current Cycle: 112500000
DEBUG:root:Current Cycle: 113000000
DEBUG:root:Current Cycle: 113500000
DEBUG:root:Current Cycle: 114000000
DEBUG:root:Current Cycle: 114500000
DEBUG:root:Current Cycle: 115000000
DEBUG:root:Current Cycle: 115500000
DEBUG:root:Current Cycle: 116000000
DEBUG:root:Current Cycle: 116500000
DEBUG:root:Current Cycle: 117000000
DEBUG:root:Current Cycle: 117500000
DEBUG:root:Current Cycle: 118000000
DEBUG:root:Current Cycle: 118500000
DEBUG:root:Current Cycle: 119000000
DEBUG:root:Current Cycle: 119500000
DEBUG:root:Current Cycle: 120000000
DEBUG:root:Current Cycle: 120500000
DEBUG:root:Current Cycle: 121000000
DEBUG:root:Current Cycle: 121500000
DEBUG:root:Current Cycle: 122000000
DEBUG:root:Current Cycle: 122500000
DEBUG:root:Current Cycle: 123000000
DEBUG:root:Current Cycle: 123500000
DEBUG:root:Current Cycle: 124000000
DEBUG:root:Current Cycle: 124500000
DEBUG:root:Current Cycle: 125000000
DEBUG:root:Current Cycle: 125500000
DEBUG:root:Current Cycle: 126000000
DEBUG:root:Current Cycle: 126500000
DEBUG:root:Current Cycle: 127000000
DEBUG:root:Current Cycle: 127500000
DEBUG:root:Current Cycle: 128000000
DEBUG:root:Current Cycle: 128500000
DEBUG:root:Current Cycle: 129000000
DEBUG:root:Current Cycle: 129500000
DEBUG:root:Current Cycle: 130000000
DEBUG:root:Current Cycle: 130500000
DEBUG:root:Current Cycle: 131000000
DEBUG:root:Current Cycle: 131500000
DEBUG:root:Current Cycle: 132000000
DEBUG:root:Current Cycle: 132500000
DEBUG:root:Current Cycle: 133000000
DEBUG:root:Current Cycle: 133500000
DEBUG:root:Current Cycle: 134000000
DEBUG:root:Current Cycle: 134500000
DEBUG:root:Current Cycle: 135000000
DEBUG:root:Current Cycle: 135500000
DEBUG:root:Current Cycle: 136000000
DEBUG:root:Current Cycle: 136500000
DEBUG:root:Current Cycle: 137000000
DEBUG:root:Current Cycle: 137500000
DEBUG:root:Current Cycle: 138000000
DEBUG:root:Current Cycle: 138500000
DEBUG:root:Current Cycle: 139000000
DEBUG:root:Current Cycle: 139500000
DEBUG:root:Current Cycle: 140000000
DEBUG:root:Current Cycle: 140500000
DEBUG:root:Current Cycle: 141000000
DEBUG:root:Current Cycle: 141500000
DEBUG:root:Current Cycle: 142000000
DEBUG:root:Current Cycle: 142500000
DEBUG:root:Current Cycle: 143000000
DEBUG:root:Current Cycle: 143500000
DEBUG:root:Current Cycle: 144000000
DEBUG:root:Current Cycle: 144500000
DEBUG:root:Current Cycle: 145000000
DEBUG:root:Current Cycle: 145500000
DEBUG:root:Current Cycle: 146000000
DEBUG:root:Current Cycle: 146500000
DEBUG:root:Current Cycle: 147000000
DEBUG:root:Current Cycle: 147500000
DEBUG:root:Current Cycle: 148000000
DEBUG:root:Current Cycle: 148500000
DEBUG:root:Current Cycle: 149000000
DEBUG:root:Current Cycle: 149500000
DEBUG:root:Current Cycle: 150000000
DEBUG:root:Current Cycle: 150500000
DEBUG:root:Current Cycle: 151000000
DEBUG:root:Current Cycle: 151500000
DEBUG:root:Current Cycle: 152000000
DEBUG:root:Current Cycle: 152500000
DEBUG:root:Current Cycle: 153000000
DEBUG:root:Current Cycle: 153500000
DEBUG:root:Current Cycle: 154000000
DEBUG:root:Current Cycle: 154500000
DEBUG:root:Current Cycle: 155000000
DEBUG:root:Current Cycle: 155500000
DEBUG:root:Current Cycle: 156000000
DEBUG:root:Current Cycle: 156500000
DEBUG:root:Current Cycle: 157000000
DEBUG:root:Current Cycle: 157500000
DEBUG:root:Current Cycle: 158000000
DEBUG:root:Current Cycle: 158500000
DEBUG:root:Current Cycle: 159000000
DEBUG:root:Current Cycle: 159500000
DEBUG:root:Current Cycle: 160000000
DEBUG:root:Current Cycle: 160500000
DEBUG:root:Current Cycle: 161000000
DEBUG:root:Current Cycle: 161500000
DEBUG:root:Current Cycle: 162000000
DEBUG:root:Current Cycle: 162500000
DEBUG:root:Current Cycle: 163000000
DEBUG:root:Current Cycle: 163500000
DEBUG:root:Current Cycle: 164000000
DEBUG:root:Current Cycle: 164500000
DEBUG:root:Current Cycle: 165000000
DEBUG:root:Current Cycle: 165500000
DEBUG:root:Current Cycle: 166000000
DEBUG:root:Current Cycle: 166500000
DEBUG:root:Current Cycle: 167000000
DEBUG:root:Current Cycle: 167500000
DEBUG:root:Current Cycle: 168000000
DEBUG:root:Current Cycle: 168500000
DEBUG:root:Current Cycle: 169000000
DEBUG:root:Current Cycle: 169500000
DEBUG:root:Current Cycle: 170000000
DEBUG:root:Current Cycle: 170500000
DEBUG:root:Current Cycle: 171000000
DEBUG:root:Current Cycle: 171500000
DEBUG:root:Current Cycle: 172000000
DEBUG:root:Current Cycle: 172500000
DEBUG:root:Current Cycle: 173000000
DEBUG:root:Current Cycle: 173500000
DEBUG:root:Current Cycle: 174000000
DEBUG:root:Current Cycle: 174500000
DEBUG:root:Current Cycle: 175000000
DEBUG:root:Current Cycle: 175500000
DEBUG:root:Current Cycle: 176000000
DEBUG:root:Current Cycle: 176500000
DEBUG:root:Current Cycle: 177000000
DEBUG:root:Current Cycle: 177500000
DEBUG:root:Current Cycle: 178000000
DEBUG:root:Current Cycle: 178500000
DEBUG:root:Current Cycle: 179000000
DEBUG:root:Current Cycle: 179500000
DEBUG:root:Current Cycle: 180000000
DEBUG:root:Current Cycle: 180500000
DEBUG:root:Current Cycle: 181000000
DEBUG:root:Current Cycle: 181500000
DEBUG:root:Current Cycle: 182000000
DEBUG:root:Current Cycle: 182500000
DEBUG:root:Current Cycle: 183000000
DEBUG:root:Current Cycle: 183500000
DEBUG:root:Current Cycle: 184000000
DEBUG:root:Current Cycle: 184500000
DEBUG:root:Current Cycle: 185000000
DEBUG:root:Current Cycle: 185500000
DEBUG:root:Current Cycle: 186000000
DEBUG:root:Current Cycle: 186500000
DEBUG:root:Current Cycle: 187000000
DEBUG:root:Current Cycle: 187500000
DEBUG:root:Current Cycle: 188000000
DEBUG:root:Current Cycle: 188500000
DEBUG:root:Current Cycle: 189000000
DEBUG:root:Current Cycle: 189500000
DEBUG:root:Current Cycle: 190000000
DEBUG:root:Current Cycle: 190500000
DEBUG:root:Current Cycle: 191000000
DEBUG:root:Current Cycle: 191500000
DEBUG:root:Current Cycle: 192000000
DEBUG:root:Current Cycle: 192500000
DEBUG:root:Current Cycle: 193000000
DEBUG:root:Current Cycle: 193500000
DEBUG:root:Current Cycle: 194000000
DEBUG:root:Current Cycle: 194500000
DEBUG:root:Current Cycle: 195000000
DEBUG:root:Current Cycle: 195500000
DEBUG:root:Current Cycle: 196000000
DEBUG:root:Current Cycle: 196500000
DEBUG:root:Current Cycle: 197000000
DEBUG:root:Current Cycle: 197500000
DEBUG:root:Current Cycle: 198000000
DEBUG:root:Current Cycle: 198500000
DEBUG:root:Current Cycle: 199000000
DEBUG:root:Current Cycle: 199500000
DEBUG:root:Current Cycle: 200000000
DEBUG:root:Current Cycle: 200500000
DEBUG:root:Current Cycle: 201000000
DEBUG:root:Current Cycle: 201500000
DEBUG:root:Current Cycle: 202000000
DEBUG:root:Current Cycle: 202500000
DEBUG:root:Current Cycle: 203000000
DEBUG:root:Current Cycle: 203500000
DEBUG:root:Current Cycle: 204000000
DEBUG:root:Current Cycle: 204500000
DEBUG:root:Current Cycle: 205000000
DEBUG:root:Current Cycle: 205500000
DEBUG:root:Current Cycle: 206000000
DEBUG:root:Current Cycle: 206500000
DEBUG:root:Current Cycle: 207000000
DEBUG:root:Current Cycle: 207500000
DEBUG:root:Current Cycle: 208000000
DEBUG:root:Current Cycle: 208500000
DEBUG:root:Current Cycle: 209000000
DEBUG:root:Current Cycle: 209500000
DEBUG:root:Current Cycle: 210000000
DEBUG:root:Current Cycle: 210500000
DEBUG:root:Current Cycle: 211000000
DEBUG:root:Current Cycle: 211500000
DEBUG:root:Current Cycle: 212000000
DEBUG:root:Current Cycle: 212500000
DEBUG:root:Current Cycle: 213000000
DEBUG:root:Current Cycle: 213500000
DEBUG:root:Current Cycle: 214000000
DEBUG:root:Current Cycle: 214500000
DEBUG:root:Current Cycle: 215000000
DEBUG:root:Current Cycle: 215500000
DEBUG:root:Current Cycle: 216000000
DEBUG:root:Current Cycle: 216500000
DEBUG:root:Current Cycle: 217000000
DEBUG:root:Current Cycle: 217500000
DEBUG:root:Current Cycle: 218000000
DEBUG:root:Current Cycle: 218500000
DEBUG:root:Current Cycle: 219000000
DEBUG:root:Current Cycle: 219500000
DEBUG:root:Current Cycle: 220000000
DEBUG:root:Current Cycle: 220500000
DEBUG:root:Current Cycle: 221000000
DEBUG:root:Current Cycle: 221500000
DEBUG:root:Current Cycle: 222000000
DEBUG:root:Current Cycle: 222500000
DEBUG:root:Current Cycle: 223000000
DEBUG:root:Current Cycle: 223500000
DEBUG:root:Current Cycle: 224000000
DEBUG:root:Current Cycle: 224500000
DEBUG:root:Current Cycle: 225000000
DEBUG:root:Current Cycle: 225500000
DEBUG:root:Current Cycle: 226000000
DEBUG:root:Current Cycle: 226500000
DEBUG:root:Current Cycle: 227000000
DEBUG:root:Current Cycle: 227500000
DEBUG:root:Current Cycle: 228000000
DEBUG:root:Current Cycle: 228500000
DEBUG:root:Current Cycle: 229000000
DEBUG:root:Current Cycle: 229500000
DEBUG:root:Current Cycle: 230000000
DEBUG:root:Current Cycle: 230500000
DEBUG:root:Current Cycle: 231000000
DEBUG:root:Current Cycle: 231500000
DEBUG:root:Current Cycle: 232000000
DEBUG:root:Current Cycle: 232500000
DEBUG:root:Current Cycle: 233000000
DEBUG:root:Current Cycle: 233500000
DEBUG:root:Current Cycle: 234000000
DEBUG:root:Current Cycle: 234500000
DEBUG:root:Current Cycle: 235000000
DEBUG:root:Current Cycle: 235500000
DEBUG:root:Current Cycle: 236000000
DEBUG:root:Current Cycle: 236500000
DEBUG:root:Current Cycle: 237000000
DEBUG:root:Current Cycle: 237500000
DEBUG:root:Current Cycle: 238000000
DEBUG:root:Current Cycle: 238500000
DEBUG:root:Current Cycle: 239000000
DEBUG:root:Current Cycle: 239500000
DEBUG:root:Current Cycle: 240000000
DEBUG:root:Current Cycle: 240500000
DEBUG:root:Current Cycle: 241000000
DEBUG:root:Current Cycle: 241500000
DEBUG:root:Current Cycle: 242000000
DEBUG:root:Current Cycle: 242500000
DEBUG:root:Current Cycle: 243000000
DEBUG:root:Current Cycle: 243500000
DEBUG:root:Current Cycle: 244000000
DEBUG:root:Current Cycle: 244500000
DEBUG:root:Current Cycle: 245000000
DEBUG:root:Current Cycle: 245500000
DEBUG:root:Current Cycle: 246000000
DEBUG:root:Current Cycle: 246500000
DEBUG:root:Current Cycle: 247000000
DEBUG:root:Current Cycle: 247500000
DEBUG:root:Current Cycle: 248000000
DEBUG:root:Current Cycle: 248500000
DEBUG:root:Current Cycle: 249000000
DEBUG:root:Current Cycle: 249500000
DEBUG:root:Current Cycle: 250000000
DEBUG:root:Current Cycle: 250500000
DEBUG:root:Current Cycle: 251000000
DEBUG:root:Current Cycle: 251500000
DEBUG:root:Current Cycle: 252000000
DEBUG:root:Current Cycle: 252500000
DEBUG:root:Current Cycle: 253000000
DEBUG:root:Current Cycle: 253500000
DEBUG:root:Current Cycle: 254000000
DEBUG:root:Current Cycle: 254500000
DEBUG:root:Current Cycle: 255000000
DEBUG:root:Current Cycle: 255500000
DEBUG:root:Current Cycle: 256000000
DEBUG:root:Current Cycle: 256500000
DEBUG:root:Current Cycle: 257000000
DEBUG:root:Current Cycle: 257500000
DEBUG:root:Current Cycle: 258000000
DEBUG:root:Current Cycle: 258500000
DEBUG:root:Current Cycle: 259000000
INFO:root:Overall Execution Cycle: 259050598
INFO:root:Core 0 cycle: 257083721
INFO:root:Core 1 cycle: 256315521
INFO:root:Core 2 cycle: 255672323
INFO:root:Core 3 cycle: 259050597
INFO:root:Core 0 compute cycles: 10394904
INFO:root:Core 1 compute cycles: 10430314
INFO:root:Core 2 compute cycles: 10383276
INFO:root:Core 3 compute cycles: 10430338
INFO:root:Core 0 load/store count: 2503127
INFO:root:Core 1 load/store count: 2497349
INFO:root:Core 2 load/store count: 2490468
INFO:root:Core 3 load/store count: 2509057
INFO:root:Core 0 idle cycle count: 158224091
INFO:root:Core 1 idle cycle count: 157639917
INFO:root:Core 2 idle cycle count: 157375751
INFO:root:Core 3 idle cycle count: 158280803
DEBUG:root:0 hit is 1277193
INFO:root:Core 0 cache miss rate: 0.4897610069325288
INFO:root:Core 0 cache hit rate: 0.5102389930674712
DEBUG:root:1 hit is 1275355
INFO:root:Core 1 cache miss rate: 0.4893164711860457
INFO:root:Core 1 cache hit rate: 0.5106835288139543
DEBUG:root:2 hit is 1271178
INFO:root:Core 2 cache miss rate: 0.4895826808455278
INFO:root:Core 2 cache hit rate: 0.5104173191544722
DEBUG:root:3 hit is 1273274
INFO:root:Core 3 cache miss rate: 0.49252886642272375
INFO:root:Core 3 cache hit rate: 0.5074711335772762
INFO:root:Data traffic on bus: 7808380 bytes
INFO:root:Invalidations or updates on bus: 1729496
INFO:root:Core 0 shared access: 107133
INFO:root:Core 0 private access: 1170060
INFO:root:Core 0 access distribution (shared / private): 0.08388160599063728
INFO:root:Core 1 shared access: 106912
INFO:root:Core 1 private access: 1168443
INFO:root:Core 1 access distribution (shared / private): 0.08382920833807057
INFO:root:Core 2 shared access: 105573
INFO:root:Core 2 private access: 1165605
INFO:root:Core 2 access distribution (shared / private): 0.0830513114607081
INFO:root:Core 3 shared access: 106661
INFO:root:Core 3 private access: 1166613
INFO:root:Core 3 access distribution (shared / private): 0.08376908662236093
INFO:root:Logging complete!
INFO:root:Closing the computer
