INFO:root:Starting to read file blackscholes_four
INFO:root:Finished reading file blackscholes_four
INFO:root:Starting the computer
DEBUG:root:Time: 2022-11-14 21:07:17.380908Current Cycle: 0 and 5018113 instructions left on core 0
DEBUG:root:Time: 2022-11-14 21:07:27.814493Current Cycle: 5880847 and 4928003 instructions left on core 0
DEBUG:root:Time: 2022-11-14 21:07:38.266769Current Cycle: 11777547 and 4807252 instructions left on core 0
DEBUG:root:Time: 2022-11-14 21:07:48.740108Current Cycle: 17672014 and 4686299 instructions left on core 0
DEBUG:root:Time: 2022-11-14 21:07:59.351687Current Cycle: 23563349 and 4565471 instructions left on core 0
DEBUG:root:Time: 2022-11-14 21:08:09.766250Current Cycle: 29479062 and 4444269 instructions left on core 0
DEBUG:root:Time: 2022-11-14 21:08:20.239461Current Cycle: 35382957 and 4323327 instructions left on core 0
DEBUG:root:Time: 2022-11-14 21:08:31.039533Current Cycle: 41264755 and 4203093 instructions left on core 0
DEBUG:root:Time: 2022-11-14 21:08:41.375993Current Cycle: 47139485 and 4082883 instructions left on core 0
DEBUG:root:Time: 2022-11-14 21:08:52.122742Current Cycle: 53018846 and 3962665 instructions left on core 0
DEBUG:root:Time: 2022-11-14 21:09:02.802591Current Cycle: 58884326 and 3842745 instructions left on core 0
DEBUG:root:Time: 2022-11-14 21:09:13.185251Current Cycle: 64750865 and 3722285 instructions left on core 0
DEBUG:root:Time: 2022-11-14 21:09:24.546947Current Cycle: 70612619 and 3602109 instructions left on core 0
DEBUG:root:Time: 2022-11-14 21:09:34.897761Current Cycle: 76482126 and 3481811 instructions left on core 0
DEBUG:root:Time: 2022-11-14 21:09:45.135261Current Cycle: 82360406 and 3361372 instructions left on core 0
DEBUG:root:Time: 2022-11-14 21:09:55.553356Current Cycle: 88211634 and 3241641 instructions left on core 0
DEBUG:root:Time: 2022-11-14 21:10:05.989583Current Cycle: 94069400 and 3121773 instructions left on core 0
DEBUG:root:Time: 2022-11-14 21:10:16.361210Current Cycle: 99952897 and 3001249 instructions left on core 0
DEBUG:root:Time: 2022-11-14 21:10:26.795425Current Cycle: 105837205 and 2880869 instructions left on core 0
DEBUG:root:Time: 2022-11-14 21:10:37.089002Current Cycle: 111721237 and 2760441 instructions left on core 0
DEBUG:root:Time: 2022-11-14 21:10:47.283147Current Cycle: 117608199 and 2639937 instructions left on core 0
DEBUG:root:Time: 2022-11-14 21:10:57.531671Current Cycle: 123466528 and 2519971 instructions left on core 0
DEBUG:root:Time: 2022-11-14 21:11:08.140780Current Cycle: 129334931 and 2399251 instructions left on core 0
DEBUG:root:Time: 2022-11-14 21:11:18.410383Current Cycle: 135204078 and 2279185 instructions left on core 0
DEBUG:root:Time: 2022-11-14 21:11:28.609053Current Cycle: 141101736 and 2158391 instructions left on core 0
DEBUG:root:Time: 2022-11-14 21:11:39.230762Current Cycle: 146994898 and 2037575 instructions left on core 0
DEBUG:root:Time: 2022-11-14 21:11:49.517848Current Cycle: 152891108 and 1916597 instructions left on core 0
DEBUG:root:Time: 2022-11-14 21:12:00.002488Current Cycle: 158789516 and 1795621 instructions left on core 0
DEBUG:root:Time: 2022-11-14 21:12:10.356210Current Cycle: 164688224 and 1674771 instructions left on core 0
DEBUG:root:Time: 2022-11-14 21:12:21.715425Current Cycle: 170581320 and 1554127 instructions left on core 0
DEBUG:root:Time: 2022-11-14 21:12:32.031348Current Cycle: 176483768 and 1433421 instructions left on core 0
DEBUG:root:Time: 2022-11-14 21:12:42.422319Current Cycle: 182358964 and 1313381 instructions left on core 0
DEBUG:root:Time: 2022-11-14 21:12:52.980697Current Cycle: 188212990 and 1193571 instructions left on core 0
DEBUG:root:Time: 2022-11-14 21:13:03.424227Current Cycle: 194076167 and 1073217 instructions left on core 0
DEBUG:root:Time: 2022-11-14 21:13:13.807378Current Cycle: 199904809 and 953670 instructions left on core 0
DEBUG:root:Time: 2022-11-14 21:13:24.166302Current Cycle: 205766867 and 833545 instructions left on core 0
DEBUG:root:Time: 2022-11-14 21:13:34.400702Current Cycle: 211646025 and 713043 instructions left on core 0
DEBUG:root:Time: 2022-11-14 21:13:44.842967Current Cycle: 217541350 and 592079 instructions left on core 0
DEBUG:root:Time: 2022-11-14 21:13:55.119183Current Cycle: 223430800 and 471435 instructions left on core 0
DEBUG:root:Time: 2022-11-14 21:14:05.410970Current Cycle: 229319749 and 350893 instructions left on core 0
DEBUG:root:Time: 2022-11-14 21:14:15.568633Current Cycle: 235214562 and 230241 instructions left on core 0
DEBUG:root:Time: 2022-11-14 21:14:25.929222Current Cycle: 241138503 and 109035 instructions left on core 0
INFO:root:Overall Execution Cycle: 246576968
INFO:root:Core 0 cycle: 41584392
INFO:root:Core 1 cycle: 41498545
INFO:root:Core 2 cycle: 41435580
INFO:root:Core 3 cycle: 41360425
INFO:root:Core 0 compute cycles: 10430338
INFO:root:Core 1 compute cycles: 10394904
INFO:root:Core 2 compute cycles: 10430314
INFO:root:Core 3 compute cycles: 10383276
INFO:root:Core 0 load/store count: 2509057
INFO:root:Core 1 load/store count: 2503127
INFO:root:Core 2 load/store count: 2497349
INFO:root:Core 3 load/store count: 2490468
INFO:root:Core 0 idle cycle count: 20663556
INFO:root:Core 1 idle cycle count: 20767523
INFO:root:Core 2 idle cycle count: 20756436
INFO:root:Core 3 idle cycle count: 20728669
DEBUG:root:0 hit is 2352904
INFO:root:Core 0 cache miss rate: 0.49252767075439097
INFO:root:Core 0 cache hit rate: 0.507472329245609
DEBUG:root:1 hit is 2349321
INFO:root:Core 1 cache miss rate: 0.4897534164267334
INFO:root:Core 1 cache hit rate: 0.5102465835732666
DEBUG:root:2 hit is 2347923
INFO:root:Core 2 cache miss rate: 0.4893160707614354
INFO:root:Core 2 cache hit rate: 0.5106839292385645
DEBUG:root:3 hit is 2317324
INFO:root:Core 3 cache miss rate: 0.48957906706691273
INFO:root:Core 3 cache hit rate: 0.5104209329330873
INFO:root:Data traffic on bus: 16242788 bytes
INFO:root:Invalidations or updates on bus: 528
INFO:root:Core 0 shared access: 107104
INFO:root:Core 0 private access: 2318336
INFO:root:Core 0 access distribution (shared / private): 0.04415858565868461
INFO:root:Core 1 shared access: 107059
INFO:root:Core 1 private access: 2327299
INFO:root:Core 1 access distribution (shared / private): 0.043978330220945314
INFO:root:Core 2 shared access: 107133
INFO:root:Core 2 private access: 2323589
INFO:root:Core 2 access distribution (shared / private): 0.0440745589170625
INFO:root:Core 3 shared access: 106864
INFO:root:Core 3 private access: 2316814
INFO:root:Core 3 access distribution (shared / private): 0.044091665642053114
INFO:root:Logging complete!
INFO:root:Closing the computer
