INFO:root:Starting to read file bodytrack_four
INFO:root:Finished reading file bodytrack_four
INFO:root:Starting the computer
DEBUG:root:Time: 2022-11-17 12:06:35.534275Current Cycle: 0 and 6649837 instructions left on core 0
DEBUG:root:Time: 2022-11-17 12:06:42.994942Current Cycle: 6521340 and 6526244 instructions left on core 0
DEBUG:root:Time: 2022-11-17 12:06:50.214821Current Cycle: 13679073 and 6390648 instructions left on core 0
DEBUG:root:Time: 2022-11-17 12:06:57.285133Current Cycle: 22088677 and 6232029 instructions left on core 0
DEBUG:root:Time: 2022-11-17 12:07:04.209673Current Cycle: 30643676 and 6071595 instructions left on core 0
DEBUG:root:Time: 2022-11-17 12:07:11.007582Current Cycle: 39229292 and 5909952 instructions left on core 0
DEBUG:root:Time: 2022-11-17 12:07:17.540666Current Cycle: 47835611 and 5748533 instructions left on core 0
DEBUG:root:Time: 2022-11-17 12:07:24.082194Current Cycle: 56384715 and 5587730 instructions left on core 0
DEBUG:root:Time: 2022-11-17 12:07:30.628566Current Cycle: 64976931 and 5425925 instructions left on core 0
DEBUG:root:Time: 2022-11-17 12:07:37.169279Current Cycle: 73599294 and 5261543 instructions left on core 0
DEBUG:root:Time: 2022-11-17 12:07:43.632776Current Cycle: 81046559 and 5119559 instructions left on core 0
DEBUG:root:Time: 2022-11-17 12:07:50.087338Current Cycle: 87215303 and 4924789 instructions left on core 0
DEBUG:root:Time: 2022-11-17 12:07:56.596463Current Cycle: 93366634 and 4744628 instructions left on core 0
DEBUG:root:Time: 2022-11-17 12:08:03.104438Current Cycle: 99551551 and 4552983 instructions left on core 0
DEBUG:root:Time: 2022-11-17 12:08:09.562980Current Cycle: 105723343 and 4357619 instructions left on core 0
DEBUG:root:Time: 2022-11-17 12:08:16.021525Current Cycle: 111878965 and 4179689 instructions left on core 0
DEBUG:root:Time: 2022-11-17 12:08:22.473029Current Cycle: 118034591 and 3985211 instructions left on core 0
DEBUG:root:Time: 2022-11-17 12:08:29.026685Current Cycle: 124245111 and 3791911 instructions left on core 0
DEBUG:root:Time: 2022-11-17 12:08:35.525390Current Cycle: 130387940 and 3612699 instructions left on core 0
DEBUG:root:Time: 2022-11-17 12:08:42.043775Current Cycle: 136509030 and 3418135 instructions left on core 0
DEBUG:root:Time: 2022-11-17 12:08:48.575456Current Cycle: 142756277 and 3226437 instructions left on core 0
DEBUG:root:Time: 2022-11-17 12:08:55.110402Current Cycle: 148892344 and 3045599 instructions left on core 0
DEBUG:root:Time: 2022-11-17 12:09:01.620247Current Cycle: 155022703 and 2851123 instructions left on core 0
DEBUG:root:Time: 2022-11-17 12:09:08.161776Current Cycle: 161304324 and 2662096 instructions left on core 0
DEBUG:root:Time: 2022-11-17 12:09:14.739960Current Cycle: 167409185 and 2477559 instructions left on core 0
DEBUG:root:Time: 2022-11-17 12:09:21.269468Current Cycle: 173522823 and 2284020 instructions left on core 0
DEBUG:root:Time: 2022-11-17 12:09:27.829936Current Cycle: 179835532 and 2097510 instructions left on core 0
DEBUG:root:Time: 2022-11-17 12:09:34.358082Current Cycle: 185922163 and 1909637 instructions left on core 0
DEBUG:root:Time: 2022-11-17 12:09:40.989801Current Cycle: 192021175 and 1716267 instructions left on core 0
DEBUG:root:Time: 2022-11-17 12:09:47.540834Current Cycle: 198365829 and 1533055 instructions left on core 0
DEBUG:root:Time: 2022-11-17 12:09:54.087903Current Cycle: 204445994 and 1342317 instructions left on core 0
DEBUG:root:Time: 2022-11-17 12:10:00.643638Current Cycle: 210565726 and 1150623 instructions left on core 0
DEBUG:root:Time: 2022-11-17 12:10:07.346852Current Cycle: 216933262 and 966061 instructions left on core 0
DEBUG:root:Time: 2022-11-17 12:10:13.914382Current Cycle: 222993567 and 774015 instructions left on core 0
DEBUG:root:Time: 2022-11-17 12:10:20.430810Current Cycle: 229111621 and 586931 instructions left on core 0
DEBUG:root:Time: 2022-11-17 12:10:26.912436Current Cycle: 235415137 and 399723 instructions left on core 0
DEBUG:root:Time: 2022-11-17 12:10:33.235937Current Cycle: 241950278 and 196365 instructions left on core 0
INFO:root:Overall Execution Cycle: 248426995
INFO:root:Core 0 cycle: 248426994
INFO:root:Core 1 cycle: 215568205
INFO:root:Core 2 cycle: 248133456
INFO:root:Core 3 cycle: 247833442
INFO:root:Core 0 compute cycles: 17140113
INFO:root:Core 1 compute cycles: 17556877
INFO:root:Core 2 compute cycles: 17120545
INFO:root:Core 3 compute cycles: 17729254
INFO:root:Core 0 load/store count: 3324919
INFO:root:Core 1 load/store count: 117698
INFO:root:Core 2 load/store count: 3287252
INFO:root:Core 3 load/store count: 3270132
INFO:root:Core 0 idle cycle count: 17098235
INFO:root:Core 1 idle cycle count: 961021
INFO:root:Core 2 idle cycle count: 17185619
INFO:root:Core 3 idle cycle count: 16745484
DEBUG:root:0 hit is 2621520
INFO:root:Core 0 cache miss rate: 0.363806757397699
INFO:root:Core 0 cache hit rate: 0.6361932426023009
DEBUG:root:1 hit is 85348
INFO:root:Core 1 cache miss rate: 0.46362724940100936
INFO:root:Core 1 cache hit rate: 0.5363727505989906
DEBUG:root:2 hit is 2566573
INFO:root:Core 2 cache miss rate: 0.3599523249206328
INFO:root:Core 2 cache hit rate: 0.6400476750793672
DEBUG:root:3 hit is 2567290
INFO:root:Core 3 cache miss rate: 0.3566718407697304
INFO:root:Core 3 cache hit rate: 0.6433281592302695
INFO:root:Data traffic on bus: 4835688 bytes
INFO:root:Invalidations or updates on bus: 678
INFO:root:Core 0 shared access: 131513
INFO:root:Core 0 private access: 1983842
INFO:root:Core 0 access distribution (shared / private): 0.06217065220731272
INFO:root:Core 1 shared access: 6380
INFO:root:Core 1 private access: 56753
INFO:root:Core 1 access distribution (shared / private): 0.10105649977032613
INFO:root:Core 2 shared access: 97490
INFO:root:Core 2 private access: 2006531
INFO:root:Core 2 access distribution (shared / private): 0.0463350888608051
INFO:root:Core 3 shared access: 111826
INFO:root:Core 3 private access: 1991992
INFO:root:Core 3 access distribution (shared / private): 0.053153837451718734
INFO:root:Logging complete!
INFO:root:Closing the computer
