INFO:root:Starting to read file fluidanimate_four
INFO:root:Finished reading file fluidanimate_four
INFO:root:Starting the computer
DEBUG:root:Time: 2022-11-15 10:18:37.458165Current Cycle: 0 and 4815687 instructions left on core 0
DEBUG:root:Time: 2022-11-15 10:18:44.881125Current Cycle: 4767645 and 4651703 instructions left on core 0
DEBUG:root:Time: 2022-11-15 10:18:52.405433Current Cycle: 11271112 and 4539521 instructions left on core 0
DEBUG:root:Time: 2022-11-15 10:18:59.962719Current Cycle: 17868070 and 4429991 instructions left on core 0
DEBUG:root:Time: 2022-11-15 10:19:07.567960Current Cycle: 24407562 and 4319739 instructions left on core 0
DEBUG:root:Time: 2022-11-15 10:19:15.254531Current Cycle: 31168288 and 4207767 instructions left on core 0
DEBUG:root:Time: 2022-11-15 10:19:23.376214Current Cycle: 37764812 and 4096889 instructions left on core 0
DEBUG:root:Time: 2022-11-15 10:19:30.934226Current Cycle: 44493514 and 3984791 instructions left on core 0
DEBUG:root:Time: 2022-11-15 10:19:38.520418Current Cycle: 51224182 and 3873869 instructions left on core 0
DEBUG:root:Time: 2022-11-15 10:19:46.036091Current Cycle: 57833860 and 3763335 instructions left on core 0
DEBUG:root:Time: 2022-11-15 10:19:53.560465Current Cycle: 64691270 and 3651989 instructions left on core 0
DEBUG:root:Time: 2022-11-15 10:20:01.048392Current Cycle: 71320735 and 3540719 instructions left on core 0
DEBUG:root:Time: 2022-11-15 10:20:08.527530Current Cycle: 77870831 and 3419313 instructions left on core 0
DEBUG:root:Time: 2022-11-15 10:20:16.025175Current Cycle: 84547033 and 3306161 instructions left on core 0
DEBUG:root:Time: 2022-11-15 10:20:23.546325Current Cycle: 91161856 and 3189905 instructions left on core 0
DEBUG:root:Time: 2022-11-15 10:20:31.106709Current Cycle: 97177749 and 3063049 instructions left on core 0
DEBUG:root:Time: 2022-11-15 10:20:38.688929Current Cycle: 101788118 and 2901841 instructions left on core 0
DEBUG:root:Time: 2022-11-15 10:20:46.335729Current Cycle: 106011266 and 2759301 instructions left on core 0
DEBUG:root:Time: 2022-11-15 10:20:53.868526Current Cycle: 110536762 and 2603857 instructions left on core 0
DEBUG:root:Time: 2022-11-15 10:21:01.413168Current Cycle: 115489991 and 2453248 instructions left on core 0
DEBUG:root:Time: 2022-11-15 10:21:08.923332Current Cycle: 120710037 and 2312315 instructions left on core 0
DEBUG:root:Time: 2022-11-15 10:21:16.475680Current Cycle: 125910803 and 2168565 instructions left on core 0
DEBUG:root:Time: 2022-11-15 10:21:24.098523Current Cycle: 131068134 and 2027403 instructions left on core 0
DEBUG:root:Time: 2022-11-15 10:21:31.677955Current Cycle: 136275264 and 1887712 instructions left on core 0
DEBUG:root:Time: 2022-11-15 10:21:39.267362Current Cycle: 141564325 and 1747485 instructions left on core 0
DEBUG:root:Time: 2022-11-15 10:21:46.786829Current Cycle: 146889340 and 1609408 instructions left on core 0
DEBUG:root:Time: 2022-11-15 10:21:54.320080Current Cycle: 152155173 and 1465468 instructions left on core 0
DEBUG:root:Time: 2022-11-15 10:22:01.931950Current Cycle: 157460309 and 1325381 instructions left on core 0
DEBUG:root:Time: 2022-11-15 10:22:09.451641Current Cycle: 162701078 and 1178295 instructions left on core 0
DEBUG:root:Time: 2022-11-15 10:22:17.058339Current Cycle: 168110125 and 1040603 instructions left on core 0
DEBUG:root:Time: 2022-11-15 10:22:24.622904Current Cycle: 173589554 and 906373 instructions left on core 0
DEBUG:root:Time: 2022-11-15 10:22:32.119306Current Cycle: 179088099 and 770745 instructions left on core 0
DEBUG:root:Time: 2022-11-15 10:22:39.671556Current Cycle: 184513688 and 635585 instructions left on core 0
DEBUG:root:Time: 2022-11-15 10:22:47.206057Current Cycle: 189972760 and 496764 instructions left on core 0
DEBUG:root:Time: 2022-11-15 10:22:54.792435Current Cycle: 195479968 and 365368 instructions left on core 0
DEBUG:root:Time: 2022-11-15 10:23:02.286372Current Cycle: 200928485 and 232415 instructions left on core 0
DEBUG:root:Time: 2022-11-15 10:23:09.813513Current Cycle: 206525898 and 99732 instructions left on core 0
DEBUG:root:Time: 2022-11-15 10:23:16.555016Current Cycle: 213913765 and 0 instructions left on core 0
DEBUG:root:Time: 2022-11-15 10:23:22.269526Current Cycle: 224550147 and 0 instructions left on core 0
DEBUG:root:Time: 2022-11-15 10:23:27.842001Current Cycle: 236858882 and 0 instructions left on core 0
INFO:root:Overall Execution Cycle: 240644430
INFO:root:Core 0 cycle: 36704360
INFO:root:Core 1 cycle: 38885322
INFO:root:Core 2 cycle: 36517762
INFO:root:Core 3 cycle: 39172763
INFO:root:Core 0 compute cycles: 11290799
INFO:root:Core 1 compute cycles: 11337782
INFO:root:Core 2 compute cycles: 11301515
INFO:root:Core 3 compute cycles: 11337671
INFO:root:Core 0 load/store count: 2407844
INFO:root:Core 1 load/store count: 2576503
INFO:root:Core 2 load/store count: 2411465
INFO:root:Core 3 load/store count: 2604189
INFO:root:Core 0 idle cycle count: 19632451
INFO:root:Core 1 idle cycle count: 19877182
INFO:root:Core 2 idle cycle count: 19652182
INFO:root:Core 3 idle cycle count: 19433435
DEBUG:root:0 hit is 1889092
INFO:root:Core 0 cache miss rate: 0.4366624249743754
INFO:root:Core 0 cache hit rate: 0.5633375750256246
DEBUG:root:1 hit is 2124080
INFO:root:Core 1 cache miss rate: 0.45502760912756557
INFO:root:Core 1 cache hit rate: 0.5449723908724344
DEBUG:root:2 hit is 1923708
INFO:root:Core 2 cache miss rate: 0.4329077967127866
INFO:root:Core 2 cache hit rate: 0.5670922032872134
DEBUG:root:3 hit is 2156130
INFO:root:Core 3 cache miss rate: 0.46239385851026943
INFO:root:Core 3 cache hit rate: 0.5376061414897306
INFO:root:Data traffic on bus: 9273296 bytes
INFO:root:Invalidations or updates on bus: 4478
INFO:root:Core 0 shared access: 242727
INFO:root:Core 0 private access: 1616166
INFO:root:Core 0 access distribution (shared / private): 0.13057610093749344
INFO:root:Core 1 shared access: 237532
INFO:root:Core 1 private access: 1885158
INFO:root:Core 1 access distribution (shared / private): 0.11190140811894342
INFO:root:Core 2 shared access: 250192
INFO:root:Core 2 private access: 1618999
INFO:root:Core 2 access distribution (shared / private): 0.13385041978053608
INFO:root:Core 3 shared access: 201808
INFO:root:Core 3 private access: 1911837
INFO:root:Core 3 access distribution (shared / private): 0.09547866363556794
INFO:root:Logging complete!
INFO:root:Closing the computer
