INFO:root:Starting to read file blackscholes_four
INFO:root:Finished reading file blackscholes_four
INFO:root:Starting the computer
DEBUG:root:Time: 2022-11-17 11:52:48.466258Current Cycle: 0 and 5018113 instructions left on core 0
DEBUG:root:Time: 2022-11-17 11:52:55.934867Current Cycle: 6298023 and 4918283 instructions left on core 0
DEBUG:root:Time: 2022-11-17 11:53:03.342019Current Cycle: 12398562 and 4791641 instructions left on core 0
DEBUG:root:Time: 2022-11-17 11:53:10.837135Current Cycle: 18496939 and 4665235 instructions left on core 0
DEBUG:root:Time: 2022-11-17 11:53:18.390868Current Cycle: 24581737 and 4538959 instructions left on core 0
DEBUG:root:Time: 2022-11-17 11:53:25.878100Current Cycle: 30714184 and 4411909 instructions left on core 0
DEBUG:root:Time: 2022-11-17 11:53:33.367394Current Cycle: 36835490 and 4285209 instructions left on core 0
DEBUG:root:Time: 2022-11-17 11:53:40.903212Current Cycle: 42967485 and 4158441 instructions left on core 0
DEBUG:root:Time: 2022-11-17 11:53:48.397527Current Cycle: 49107386 and 4031342 instructions left on core 0
DEBUG:root:Time: 2022-11-17 11:53:55.897357Current Cycle: 55233981 and 3904564 instructions left on core 0
DEBUG:root:Time: 2022-11-17 11:54:03.376897Current Cycle: 61327377 and 3777989 instructions left on core 0
DEBUG:root:Time: 2022-11-17 11:54:10.870972Current Cycle: 67414496 and 3651865 instructions left on core 0
DEBUG:root:Time: 2022-11-17 11:54:18.421593Current Cycle: 73522398 and 3525354 instructions left on core 0
DEBUG:root:Time: 2022-11-17 11:54:25.987010Current Cycle: 79613192 and 3399033 instructions left on core 0
DEBUG:root:Time: 2022-11-17 11:54:33.603171Current Cycle: 85694453 and 3273027 instructions left on core 0
DEBUG:root:Time: 2022-11-17 11:54:41.257590Current Cycle: 91797528 and 3146383 instructions left on core 0
DEBUG:root:Time: 2022-11-17 11:54:48.833237Current Cycle: 97895216 and 3020161 instructions left on core 0
DEBUG:root:Time: 2022-11-17 11:54:56.402962Current Cycle: 103993483 and 2893857 instructions left on core 0
DEBUG:root:Time: 2022-11-17 11:55:03.894638Current Cycle: 110111128 and 2767325 instructions left on core 0
DEBUG:root:Time: 2022-11-17 11:55:11.402438Current Cycle: 116207611 and 2641015 instructions left on core 0
DEBUG:root:Time: 2022-11-17 11:55:18.994619Current Cycle: 122298363 and 2514775 instructions left on core 0
DEBUG:root:Time: 2022-11-17 11:55:26.495686Current Cycle: 128377295 and 2388367 instructions left on core 0
DEBUG:root:Time: 2022-11-17 11:55:34.035423Current Cycle: 134475608 and 2262041 instructions left on core 0
DEBUG:root:Time: 2022-11-17 11:55:41.609020Current Cycle: 140583184 and 2135455 instructions left on core 0
DEBUG:root:Time: 2022-11-17 11:55:49.244345Current Cycle: 146703247 and 2008625 instructions left on core 0
DEBUG:root:Time: 2022-11-17 11:55:56.827373Current Cycle: 152814499 and 1881699 instructions left on core 0
DEBUG:root:Time: 2022-11-17 11:56:04.443767Current Cycle: 158919732 and 1755049 instructions left on core 0
DEBUG:root:Time: 2022-11-17 11:56:12.048332Current Cycle: 165021703 and 1628733 instructions left on core 0
DEBUG:root:Time: 2022-11-17 11:56:19.573559Current Cycle: 171146722 and 1501931 instructions left on core 0
DEBUG:root:Time: 2022-11-17 11:56:27.121417Current Cycle: 177248949 and 1375887 instructions left on core 0
DEBUG:root:Time: 2022-11-17 11:56:34.645488Current Cycle: 183364741 and 1249293 instructions left on core 0
DEBUG:root:Time: 2022-11-17 11:56:42.193623Current Cycle: 189456148 and 1122932 instructions left on core 0
DEBUG:root:Time: 2022-11-17 11:56:49.720240Current Cycle: 195548845 and 996266 instructions left on core 0
DEBUG:root:Time: 2022-11-17 11:56:57.233968Current Cycle: 201668262 and 869413 instructions left on core 0
DEBUG:root:Time: 2022-11-17 11:57:04.840359Current Cycle: 207786437 and 742563 instructions left on core 0
DEBUG:root:Time: 2022-11-17 11:57:12.402093Current Cycle: 213892847 and 615853 instructions left on core 0
DEBUG:root:Time: 2022-11-17 11:57:19.979110Current Cycle: 220009463 and 488949 instructions left on core 0
DEBUG:root:Time: 2022-11-17 11:57:27.530816Current Cycle: 226143660 and 361907 instructions left on core 0
DEBUG:root:Time: 2022-11-17 11:57:35.108416Current Cycle: 232272002 and 234953 instructions left on core 0
DEBUG:root:Time: 2022-11-17 11:57:42.687450Current Cycle: 238398847 and 107927 instructions left on core 0
INFO:root:Overall Execution Cycle: 243738926
INFO:root:Core 0 cycle: 243738925
INFO:root:Core 1 cycle: 243657722
INFO:root:Core 2 cycle: 243595588
INFO:root:Core 3 cycle: 243523129
INFO:root:Core 0 compute cycles: 10430338
INFO:root:Core 1 compute cycles: 10394904
INFO:root:Core 2 compute cycles: 10430314
INFO:root:Core 3 compute cycles: 10383276
INFO:root:Core 0 load/store count: 2509057
INFO:root:Core 1 load/store count: 2503127
INFO:root:Core 2 load/store count: 2497349
INFO:root:Core 3 load/store count: 2490468
INFO:root:Core 0 idle cycle count: 19676797
INFO:root:Core 1 idle cycle count: 19783362
INFO:root:Core 2 idle cycle count: 19821437
INFO:root:Core 3 idle cycle count: 19793548
DEBUG:root:0 hit is 1890217
INFO:root:Core 0 cache miss rate: 0.49256194657993024
INFO:root:Core 0 cache hit rate: 0.5074380534200698
DEBUG:root:1 hit is 1908510
INFO:root:Core 1 cache miss rate: 0.4897610069325288
INFO:root:Core 1 cache hit rate: 0.5102389930674712
DEBUG:root:2 hit is 1884801
INFO:root:Core 2 cache miss rate: 0.48931767245987645
INFO:root:Core 2 cache hit rate: 0.5106823275401235
DEBUG:root:3 hit is 1852111
INFO:root:Core 3 cache miss rate: 0.4895798701288272
INFO:root:Core 3 cache hit rate: 0.5104201298711728
INFO:root:Data traffic on bus: 7711776 bytes
INFO:root:Invalidations or updates on bus: 398
INFO:root:Core 0 shared access: 105551
INFO:root:Core 0 private access: 1167726
INFO:root:Core 0 access distribution (shared / private): 0.08289712293554348
INFO:root:Core 1 shared access: 107527
INFO:root:Core 1 private access: 1169685
INFO:root:Core 1 access distribution (shared / private): 0.08418884257272873
INFO:root:Core 2 shared access: 106676
INFO:root:Core 2 private access: 1168680
INFO:root:Core 2 access distribution (shared / private): 0.08364409623665862
INFO:root:Core 3 shared access: 105959
INFO:root:Core 3 private access: 1165228
INFO:root:Core 3 access distribution (shared / private): 0.08335437665740761
INFO:root:Logging complete!
INFO:root:Closing the computer
