INFO:root:Starting to read file bodytrack_four
INFO:root:Finished reading file bodytrack_four
INFO:root:Starting the computer
DEBUG:root:Time: 2022-11-17 15:34:16.545116Current Cycle: 0 and 6649837 instructions left on core 0
DEBUG:root:Time: 2022-11-17 15:34:29.720508Current Cycle: 6225856 and 6517223 instructions left on core 0
DEBUG:root:Time: 2022-11-17 15:34:41.729202Current Cycle: 12925226 and 6372343 instructions left on core 0
DEBUG:root:Time: 2022-11-17 15:34:52.794126Current Cycle: 20778977 and 6203155 instructions left on core 0
DEBUG:root:Time: 2022-11-17 15:35:03.636003Current Cycle: 28749437 and 6032758 instructions left on core 0
DEBUG:root:Time: 2022-11-17 15:35:14.145936Current Cycle: 36746716 and 5861216 instructions left on core 0
DEBUG:root:Time: 2022-11-17 15:35:24.733249Current Cycle: 44734343 and 5689971 instructions left on core 0
DEBUG:root:Time: 2022-11-17 15:35:35.303553Current Cycle: 52723212 and 5518929 instructions left on core 0
DEBUG:root:Time: 2022-11-17 15:35:45.872057Current Cycle: 60699788 and 5346381 instructions left on core 0
DEBUG:root:Time: 2022-11-17 15:35:55.963533Current Cycle: 68704667 and 5174391 instructions left on core 0
DEBUG:root:Time: 2022-11-17 15:36:05.481078Current Cycle: 74966427 and 4996537 instructions left on core 0
DEBUG:root:Time: 2022-11-17 15:36:14.975868Current Cycle: 81146629 and 4807111 instructions left on core 0
DEBUG:root:Time: 2022-11-17 15:36:24.386358Current Cycle: 87437431 and 4611848 instructions left on core 0
DEBUG:root:Time: 2022-11-17 15:36:34.002091Current Cycle: 93540232 and 4411799 instructions left on core 0
DEBUG:root:Time: 2022-11-17 15:36:43.523772Current Cycle: 99555396 and 4214924 instructions left on core 0
DEBUG:root:Time: 2022-11-17 15:36:53.113229Current Cycle: 105779587 and 4025351 instructions left on core 0
DEBUG:root:Time: 2022-11-17 15:37:02.561716Current Cycle: 112027109 and 3829191 instructions left on core 0
DEBUG:root:Time: 2022-11-17 15:37:12.067136Current Cycle: 118097213 and 3630204 instructions left on core 0
DEBUG:root:Time: 2022-11-17 15:37:21.726671Current Cycle: 124118773 and 3435889 instructions left on core 0
DEBUG:root:Time: 2022-11-17 15:37:31.144301Current Cycle: 130375272 and 3246464 instructions left on core 0
DEBUG:root:Time: 2022-11-17 15:37:40.556443Current Cycle: 136569775 and 3048157 instructions left on core 0
DEBUG:root:Time: 2022-11-17 15:37:50.014397Current Cycle: 142583639 and 2850765 instructions left on core 0
DEBUG:root:Time: 2022-11-17 15:37:59.468766Current Cycle: 148701011 and 2658734 instructions left on core 0
DEBUG:root:Time: 2022-11-17 15:38:08.848616Current Cycle: 154956839 and 2467388 instructions left on core 0
DEBUG:root:Time: 2022-11-17 15:38:18.414079Current Cycle: 161092827 and 2267143 instructions left on core 0
DEBUG:root:Time: 2022-11-17 15:38:27.912020Current Cycle: 167048935 and 2071395 instructions left on core 0
DEBUG:root:Time: 2022-11-17 15:38:37.320488Current Cycle: 173246912 and 1882197 instructions left on core 0
DEBUG:root:Time: 2022-11-17 15:38:46.720029Current Cycle: 179419111 and 1687351 instructions left on core 0
DEBUG:root:Time: 2022-11-17 15:38:56.478590Current Cycle: 185482696 and 1488868 instructions left on core 0
DEBUG:root:Time: 2022-11-17 15:39:05.968681Current Cycle: 191534479 and 1295761 instructions left on core 0
DEBUG:root:Time: 2022-11-17 15:39:15.350996Current Cycle: 197766760 and 1107156 instructions left on core 0
DEBUG:root:Time: 2022-11-17 15:39:24.796391Current Cycle: 203880691 and 908339 instructions left on core 0
DEBUG:root:Time: 2022-11-17 15:39:34.376548Current Cycle: 209899687 and 711342 instructions left on core 0
DEBUG:root:Time: 2022-11-17 15:39:43.856281Current Cycle: 216068136 and 521434 instructions left on core 0
DEBUG:root:Time: 2022-11-17 15:39:53.345137Current Cycle: 222201037 and 329191 instructions left on core 0
DEBUG:root:Time: 2022-11-17 15:40:02.287940Current Cycle: 229062521 and 113262 instructions left on core 0
INFO:root:Overall Execution Cycle: 232407719
INFO:root:Core 0 cycle: 232407699
INFO:root:Core 1 cycle: 200863292
INFO:root:Core 2 cycle: 232273486
INFO:root:Core 3 cycle: 231894462
INFO:root:Core 0 compute cycles: 17140113
INFO:root:Core 1 compute cycles: 17556877
INFO:root:Core 2 compute cycles: 17120545
INFO:root:Core 3 compute cycles: 17729254
INFO:root:Core 0 load/store count: 760479
INFO:root:Core 1 load/store count: 41418
INFO:root:Core 2 load/store count: 746422
INFO:root:Core 3 load/store count: 735958
INFO:root:Core 0 idle cycle count: 16315032
INFO:root:Core 1 idle cycle count: 1022956
INFO:root:Core 2 idle cycle count: 16218836
INFO:root:Core 3 idle cycle count: 15221524
DEBUG:root:0 hit is 2197422
INFO:root:Core 0 cache miss rate: 0.339105103011532
INFO:root:Core 0 cache hit rate: 0.660894896988468
DEBUG:root:1 hit is 65392
INFO:root:Core 1 cache miss rate: 0.44440857108871856
INFO:root:Core 1 cache hit rate: 0.5555914289112814
DEBUG:root:2 hit is 2171520
INFO:root:Core 2 cache miss rate: 0.3394117639901048
INFO:root:Core 2 cache hit rate: 0.6605882360098951
DEBUG:root:3 hit is 2173836
INFO:root:Core 3 cache miss rate: 0.3352451827632646
INFO:root:Core 3 cache hit rate: 0.6647548172367355
INFO:root:Data traffic on bus: 5030624 bytes
INFO:root:Invalidations or updates on bus: 1107584
INFO:root:Core 0 shared access: 483411
INFO:root:Core 0 private access: 1714007
INFO:root:Core 0 access distribution (shared / private): 0.2199904615325805
INFO:root:Core 1 shared access: 3177
INFO:root:Core 1 private access: 61334
INFO:root:Core 1 access distribution (shared / private): 0.049247415169505974
INFO:root:Core 2 shared access: 391315
INFO:root:Core 2 private access: 1780199
INFO:root:Core 2 access distribution (shared / private): 0.18020376566764018
INFO:root:Core 3 shared access: 53349
INFO:root:Core 3 private access: 2120458
INFO:root:Core 3 access distribution (shared / private): 0.024541737145937978
INFO:root:Logging complete!
INFO:root:Closing the computer
