INFO:root:Starting to read file fluidanimate_four
INFO:root:Finished reading file fluidanimate_four
INFO:root:Starting the computer
DEBUG:root:Time: 2022-11-15 05:58:01.082311Current Cycle: 0 and 5208377 instructions left on core 0
DEBUG:root:Time: 2022-11-15 05:58:23.505179Current Cycle: 5389181 and 5125936 instructions left on core 0
DEBUG:root:Time: 2022-11-15 05:58:50.249097Current Cycle: 12126437 and 4988983 instructions left on core 0
DEBUG:root:Time: 2022-11-15 05:59:16.233323Current Cycle: 19302255 and 4863885 instructions left on core 0
DEBUG:root:Time: 2022-11-15 05:59:42.245400Current Cycle: 26499663 and 4745761 instructions left on core 0
DEBUG:root:Time: 2022-11-15 06:00:08.436255Current Cycle: 33635697 and 4619475 instructions left on core 0
DEBUG:root:Time: 2022-11-15 06:00:34.650671Current Cycle: 40782914 and 4497907 instructions left on core 0
DEBUG:root:Time: 2022-11-15 06:01:00.800964Current Cycle: 47744224 and 4382893 instructions left on core 0
DEBUG:root:Time: 2022-11-15 06:01:27.310003Current Cycle: 54945688 and 4265293 instructions left on core 0
DEBUG:root:Time: 2022-11-15 06:01:53.974529Current Cycle: 61954018 and 4148607 instructions left on core 0
DEBUG:root:Time: 2022-11-15 06:02:20.383650Current Cycle: 69159310 and 4030993 instructions left on core 0
DEBUG:root:Time: 2022-11-15 06:02:46.422215Current Cycle: 76414943 and 3913219 instructions left on core 0
DEBUG:root:Time: 2022-11-15 06:03:13.246240Current Cycle: 83206588 and 3787421 instructions left on core 0
DEBUG:root:Time: 2022-11-15 06:03:40.609026Current Cycle: 90202614 and 3670259 instructions left on core 0
DEBUG:root:Time: 2022-11-15 06:04:08.183978Current Cycle: 96757051 and 3560961 instructions left on core 0
DEBUG:root:Time: 2022-11-15 06:04:37.088258Current Cycle: 101770042 and 3480689 instructions left on core 0
DEBUG:root:Time: 2022-11-15 06:05:08.114009Current Cycle: 106415979 and 3340445 instructions left on core 0
DEBUG:root:Time: 2022-11-15 06:05:41.766427Current Cycle: 111198252 and 3174061 instructions left on core 0
DEBUG:root:Time: 2022-11-15 06:06:16.665655Current Cycle: 116523291 and 3037895 instructions left on core 0
DEBUG:root:Time: 2022-11-15 06:06:50.942822Current Cycle: 121946051 and 2899189 instructions left on core 0
DEBUG:root:Time: 2022-11-15 06:07:26.511355Current Cycle: 127404666 and 2760031 instructions left on core 0
DEBUG:root:Time: 2022-11-15 06:08:00.950867Current Cycle: 132811224 and 2619473 instructions left on core 0
DEBUG:root:Time: 2022-11-15 06:08:34.715385Current Cycle: 138314714 and 2481543 instructions left on core 0
DEBUG:root:Time: 2022-11-15 06:09:08.800811Current Cycle: 143855907 and 2340779 instructions left on core 0
DEBUG:root:Time: 2022-11-15 06:09:42.898178Current Cycle: 149392007 and 2206837 instructions left on core 0
DEBUG:root:Time: 2022-11-15 06:10:16.879227Current Cycle: 154951885 and 2071473 instructions left on core 0
DEBUG:root:Time: 2022-11-15 06:10:50.904751Current Cycle: 160412611 and 1935187 instructions left on core 0
DEBUG:root:Time: 2022-11-15 06:11:25.103896Current Cycle: 166046639 and 1796409 instructions left on core 0
DEBUG:root:Time: 2022-11-15 06:11:59.411055Current Cycle: 171757323 and 1657625 instructions left on core 0
DEBUG:root:Time: 2022-11-15 06:12:34.360520Current Cycle: 177466795 and 1515723 instructions left on core 0
DEBUG:root:Time: 2022-11-15 06:13:08.847606Current Cycle: 183122689 and 1373587 instructions left on core 0
DEBUG:root:Time: 2022-11-15 06:13:43.229478Current Cycle: 188828631 and 1233842 instructions left on core 0
DEBUG:root:Time: 2022-11-15 06:14:18.246774Current Cycle: 194575654 and 1091061 instructions left on core 0
DEBUG:root:Time: 2022-11-15 06:14:52.556204Current Cycle: 200268359 and 950547 instructions left on core 0
DEBUG:root:Time: 2022-11-15 06:15:26.703513Current Cycle: 206052300 and 806177 instructions left on core 0
DEBUG:root:Time: 2022-11-15 06:15:55.191862Current Cycle: 213947079 and 609539 instructions left on core 0
DEBUG:root:Time: 2022-11-15 06:16:15.684471Current Cycle: 225022450 and 340653 instructions left on core 0
DEBUG:root:Time: 2022-11-15 06:16:34.380529Current Cycle: 239317612 and 11537 instructions left on core 0
INFO:root:Overall Execution Cycle: 239870094
INFO:root:Core 0 cycle: 239870093
INFO:root:Core 1 cycle: 237508628
INFO:root:Core 2 cycle: 239593935
INFO:root:Core 3 cycle: 237326294
INFO:root:Core 0 compute cycles: 11337671
INFO:root:Core 1 compute cycles: 11290799
INFO:root:Core 2 compute cycles: 11337782
INFO:root:Core 3 compute cycles: 11301515
INFO:root:Core 0 load/store count: 2604189
INFO:root:Core 1 load/store count: 2407844
INFO:root:Core 2 load/store count: 2576503
INFO:root:Core 3 load/store count: 2411465
INFO:root:Core 0 idle cycle count: 18563388
INFO:root:Core 1 idle cycle count: 18578353
INFO:root:Core 2 idle cycle count: 18986073
INFO:root:Core 3 idle cycle count: 18628200
DEBUG:root:0 hit is 1400023
INFO:root:Core 0 cache miss rate: 0.46243379416778124
INFO:root:Core 0 cache hit rate: 0.5375662058322188
DEBUG:root:1 hit is 1356417
INFO:root:Core 1 cache miss rate: 0.4367255519875872
INFO:root:Core 1 cache hit rate: 0.5632744480124128
DEBUG:root:2 hit is 1404123
INFO:root:Core 2 cache miss rate: 0.45504856776801733
INFO:root:Core 2 cache hit rate: 0.5449514322319826
DEBUG:root:3 hit is 1367516
INFO:root:Core 3 cache miss rate: 0.43303178773069484
INFO:root:Core 3 cache hit rate: 0.5669682122693052
INFO:root:Data traffic on bus: 6152732 bytes
INFO:root:Invalidations or updates on bus: 1459947
INFO:root:Core 0 shared access: 200992
INFO:root:Core 0 private access: 1199031
INFO:root:Core 0 access distribution (shared / private): 0.14356335574486992
INFO:root:Core 1 shared access: 244156
INFO:root:Core 1 private access: 1112261
INFO:root:Core 1 access distribution (shared / private): 0.1800006930022257
INFO:root:Core 2 shared access: 237425
INFO:root:Core 2 private access: 1166698
INFO:root:Core 2 access distribution (shared / private): 0.16909131180103168
INFO:root:Core 3 shared access: 246311
INFO:root:Core 3 private access: 1121205
INFO:root:Core 3 access distribution (shared / private): 0.18011562570383088
INFO:root:Logging complete!
INFO:root:Closing the computer
